c:\users\hramz_3vliuy6\desktop\coding\6-flappy-bird\flappybird2\flappybird\x64\debug\vc143.pdb
c:\users\hramz_3vliuy6\desktop\coding\6-flappy-bird\flappybird2\flappybird\x64\debug\vc143.idb
c:\users\hramz_3vliuy6\desktop\coding\6-flappy-bird\flappybird2\flappybird\x64\debug\tubedespawner.obj
c:\users\hramz_3vliuy6\desktop\coding\6-flappy-bird\flappybird2\flappybird\x64\debug\transform.obj
c:\users\hramz_3vliuy6\desktop\coding\6-flappy-bird\flappybird2\flappybird\x64\debug\texturerenderer.obj
c:\users\hramz_3vliuy6\desktop\coding\6-flappy-bird\flappybird2\flappybird\x64\debug\rigidbody.obj
c:\users\hramz_3vliuy6\desktop\coding\6-flappy-bird\flappybird2\flappybird\x64\debug\playercontroller.obj
c:\users\hramz_3vliuy6\desktop\coding\6-flappy-bird\flappybird2\flappybird\x64\debug\playercollider.obj
c:\users\hramz_3vliuy6\desktop\coding\6-flappy-bird\flappybird2\flappybird\x64\debug\borderkillresolver.obj
c:\users\hramz_3vliuy6\desktop\coding\6-flappy-bird\flappybird2\flappybird\x64\debug\liferesolver.obj
c:\users\hramz_3vliuy6\desktop\coding\6-flappy-bird\flappybird2\flappybird\x64\debug\hitboxrenderer.obj
c:\users\hramz_3vliuy6\desktop\coding\6-flappy-bird\flappybird2\flappybird\x64\debug\gameoverresolver.obj
c:\users\hramz_3vliuy6\desktop\coding\6-flappy-bird\flappybird2\flappybird\x64\debug\fpscounter.obj
c:\users\hramz_3vliuy6\desktop\coding\6-flappy-bird\flappybird2\flappybird\x64\debug\followerlinker.obj
c:\users\hramz_3vliuy6\desktop\coding\6-flappy-bird\flappybird2\flappybird\x64\debug\component.obj
c:\users\hramz_3vliuy6\desktop\coding\6-flappy-bird\flappybird2\flappybird\x64\debug\collisionmanager.obj
c:\users\hramz_3vliuy6\desktop\coding\6-flappy-bird\flappybird2\flappybird\x64\debug\collisionbox.obj
c:\users\hramz_3vliuy6\desktop\coding\6-flappy-bird\flappybird2\flappybird\x64\debug\collider.obj
c:\users\hramz_3vliuy6\desktop\coding\6-flappy-bird\flappybird2\flappybird\x64\debug\camera.obj
c:\users\hramz_3vliuy6\desktop\coding\6-flappy-bird\flappybird2\flappybird\x64\debug\color.obj
c:\users\hramz_3vliuy6\desktop\coding\6-flappy-bird\flappybird2\flappybird\x64\debug\game.obj
c:\users\hramz_3vliuy6\desktop\coding\6-flappy-bird\flappybird2\flappybird\x64\debug\engine.obj
c:\users\hramz_3vliuy6\desktop\coding\6-flappy-bird\flappybird2\flappybird\x64\debug\texture.obj
c:\users\hramz_3vliuy6\desktop\coding\6-flappy-bird\flappybird2\flappybird\x64\debug\texturestorage.obj
c:\users\hramz_3vliuy6\desktop\coding\6-flappy-bird\flappybird2\flappybird\x64\debug\textureresizer.obj
c:\users\hramz_3vliuy6\desktop\coding\6-flappy-bird\flappybird2\flappybird\x64\debug\screen.obj
c:\users\hramz_3vliuy6\desktop\coding\6-flappy-bird\flappybird2\flappybird\x64\debug\rng.obj
c:\users\hramz_3vliuy6\desktop\coding\6-flappy-bird\flappybird2\flappybird\x64\debug\imageloader.obj
c:\users\hramz_3vliuy6\desktop\coding\6-flappy-bird\flappybird2\flappybird\x64\debug\gameobject.obj
c:\users\hramz_3vliuy6\desktop\coding\6-flappy-bird\flappybird2\flappybird\x64\debug\gamemaster.obj
c:\users\hramz_3vliuy6\desktop\coding\6-flappy-bird\flappybird2\flappybird\x64\debug\gamefactory.obj
c:\users\hramz_3vliuy6\desktop\coding\6-flappy-bird\flappybird2\flappybird\x64\debug\tube.obj
c:\users\hramz_3vliuy6\desktop\coding\6-flappy-bird\flappybird2\flappybird\x64\debug\tubegenerator.obj
c:\users\hramz_3vliuy6\desktop\coding\6-flappy-bird\flappybird2\x64\debug\flappybird.exe
c:\users\hramz_3vliuy6\desktop\coding\6-flappy-bird\flappybird2\x64\debug\flappybird.pdb
c:\users\hramz_3vliuy6\desktop\coding\6-flappy-bird\flappybird2\flappybird\x64\debug\flappybird.ilk
c:\users\hramz_3vliuy6\desktop\coding\6-flappy-bird\flappybird2\flappybird\x64\debug\flappybird.tlog\cl.command.1.tlog
c:\users\hramz_3vliuy6\desktop\coding\6-flappy-bird\flappybird2\flappybird\x64\debug\flappybird.tlog\cl.items.tlog
c:\users\hramz_3vliuy6\desktop\coding\6-flappy-bird\flappybird2\flappybird\x64\debug\flappybird.tlog\cl.read.1.tlog
c:\users\hramz_3vliuy6\desktop\coding\6-flappy-bird\flappybird2\flappybird\x64\debug\flappybird.tlog\cl.write.1.tlog
c:\users\hramz_3vliuy6\desktop\coding\6-flappy-bird\flappybird2\flappybird\x64\debug\flappybird.tlog\link.command.1.tlog
c:\users\hramz_3vliuy6\desktop\coding\6-flappy-bird\flappybird2\flappybird\x64\debug\flappybird.tlog\link.read.1.tlog
c:\users\hramz_3vliuy6\desktop\coding\6-flappy-bird\flappybird2\flappybird\x64\debug\flappybird.tlog\link.secondary.1.tlog
c:\users\hramz_3vliuy6\desktop\coding\6-flappy-bird\flappybird2\flappybird\x64\debug\flappybird.tlog\link.write.1.tlog
